nov. 17, 2024 5:34:18 P. M. co.edu.uniquindio.proyectofinal.clases.Utilidades escribirLog
INFORMACIÓN: Función guardarObjeto en Persistencia. Funcionamiento adecuado
nov. 17, 2024 5:34:19 P. M. co.edu.uniquindio.proyectofinal.clases.Utilidades escribirLog
INFORMACIÓN: Función guardarObjeto en Persistencia. Funcionamiento adecuado
nov. 17, 2024 5:34:19 P. M. co.edu.uniquindio.proyectofinal.clases.Utilidades escribirLog
INFORMACIÓN: Función guardarObjeto en Persistencia. Funcionamiento adecuado
nov. 17, 2024 5:34:19 P. M. co.edu.uniquindio.proyectofinal.clases.Utilidades escribirLog
INFORMACIÓN: Función guardarXML en Persistencia. Funcionamiento adecuado
nov. 17, 2024 5:34:19 P. M. co.edu.uniquindio.proyectofinal.clases.Utilidades escribirLog
INFORMACIÓN: Función guardarTXT en Persistencia. Funcionamiento adecuado
nov. 17, 2024 5:34:19 P. M. co.edu.uniquindio.proyectofinal.clases.Utilidades escribirLog
INFORMACIÓN: Función agregarProducto en Vendedor: Funcionamiento adecuado
nov. 17, 2024 5:34:19 P. M. co.edu.uniquindio.proyectofinal.clases.Utilidades escribirLog
INFORMACIÓN: Función guardarObjeto en Persistencia. Funcionamiento adecuado
nov. 17, 2024 5:34:19 P. M. co.edu.uniquindio.proyectofinal.clases.Utilidades escribirLog
INFORMACIÓN: Función guardarXML en Persistencia. Funcionamiento adecuado
nov. 17, 2024 5:34:19 P. M. co.edu.uniquindio.proyectofinal.clases.Utilidades escribirLog
INFORMACIÓN: Función guardarTXT en Persistencia. Funcionamiento adecuado
nov. 17, 2024 5:34:19 P. M. co.edu.uniquindio.proyectofinal.clases.Utilidades escribirLog
INFORMACIÓN: Función agregarProducto en Vendedor: Funcionamiento adecuado
nov. 17, 2024 5:34:19 P. M. co.edu.uniquindio.proyectofinal.clases.Utilidades escribirLog
INFORMACIÓN: Función guardarObjeto en Persistencia. Funcionamiento adecuado
nov. 17, 2024 5:34:19 P. M. co.edu.uniquindio.proyectofinal.clases.Utilidades escribirLog
INFORMACIÓN: Función guardarXML en Persistencia. Funcionamiento adecuado
nov. 17, 2024 5:34:19 P. M. co.edu.uniquindio.proyectofinal.clases.Utilidades escribirLog
INFORMACIÓN: Función guardarTXT en Persistencia. Funcionamiento adecuado
nov. 17, 2024 5:34:19 P. M. co.edu.uniquindio.proyectofinal.clases.Utilidades escribirLog
INFORMACIÓN: Función recibirSolicitud en Vendedor: Funcionamiento adecuado
nov. 17, 2024 5:34:19 P. M. co.edu.uniquindio.proyectofinal.clases.Utilidades escribirLog
INFORMACIÓN: Función enviarSolicitud en Vendedor: Funcionamiento adecuado
nov. 17, 2024 5:34:19 P. M. co.edu.uniquindio.proyectofinal.clases.Utilidades escribirLog
INFORMACIÓN: Función guardarObjeto en Persistencia. Funcionamiento adecuado
nov. 17, 2024 5:34:19 P. M. co.edu.uniquindio.proyectofinal.clases.Utilidades escribirLog
INFORMACIÓN: Función guardarXML en Persistencia. Funcionamiento adecuado
nov. 17, 2024 5:34:19 P. M. co.edu.uniquindio.proyectofinal.clases.Utilidades escribirLog
INFORMACIÓN: Función guardarTXT en Persistencia. Funcionamiento adecuado
nov. 17, 2024 5:34:19 P. M. co.edu.uniquindio.proyectofinal.clases.Utilidades escribirLog
INFORMACIÓN: Función agregarContacto en Vendedor: Funcionamiento adecuado
nov. 17, 2024 5:58:12 P. M. co.edu.uniquindio.proyectofinal.clases.Utilidades escribirLog
INFORMACIÓN: Función guardarObjeto en Persistencia. Funcionamiento adecuado
nov. 17, 2024 5:58:12 P. M. co.edu.uniquindio.proyectofinal.clases.Utilidades escribirLog
INFORMACIÓN: Función guardarObjeto en Persistencia. Funcionamiento adecuado
nov. 17, 2024 5:58:12 P. M. co.edu.uniquindio.proyectofinal.clases.Utilidades escribirLog
INFORMACIÓN: Función guardarObjeto en Persistencia. Funcionamiento adecuado
nov. 17, 2024 5:58:13 P. M. co.edu.uniquindio.proyectofinal.clases.Utilidades escribirLog
INFORMACIÓN: Función guardarXML en Persistencia. Funcionamiento adecuado
nov. 17, 2024 5:58:13 P. M. co.edu.uniquindio.proyectofinal.clases.Utilidades escribirLog
INFORMACIÓN: Función guardarTXT en Persistencia. Funcionamiento adecuado
nov. 17, 2024 5:58:13 P. M. co.edu.uniquindio.proyectofinal.clases.Utilidades escribirLog
INFORMACIÓN: Función agregarProducto en Vendedor: Funcionamiento adecuado
nov. 17, 2024 5:58:13 P. M. co.edu.uniquindio.proyectofinal.clases.Utilidades escribirLog
INFORMACIÓN: Función guardarObjeto en Persistencia. Funcionamiento adecuado
nov. 17, 2024 5:58:13 P. M. co.edu.uniquindio.proyectofinal.clases.Utilidades escribirLog
INFORMACIÓN: Función guardarXML en Persistencia. Funcionamiento adecuado
nov. 17, 2024 5:58:13 P. M. co.edu.uniquindio.proyectofinal.clases.Utilidades escribirLog
INFORMACIÓN: Función guardarTXT en Persistencia. Funcionamiento adecuado
nov. 17, 2024 5:58:13 P. M. co.edu.uniquindio.proyectofinal.clases.Utilidades escribirLog
INFORMACIÓN: Función agregarProducto en Vendedor: Funcionamiento adecuado
nov. 17, 2024 5:58:13 P. M. co.edu.uniquindio.proyectofinal.clases.Utilidades escribirLog
INFORMACIÓN: Función guardarObjeto en Persistencia. Funcionamiento adecuado
nov. 17, 2024 5:58:13 P. M. co.edu.uniquindio.proyectofinal.clases.Utilidades escribirLog
INFORMACIÓN: Función guardarXML en Persistencia. Funcionamiento adecuado
nov. 17, 2024 5:58:13 P. M. co.edu.uniquindio.proyectofinal.clases.Utilidades escribirLog
INFORMACIÓN: Función guardarTXT en Persistencia. Funcionamiento adecuado
nov. 17, 2024 5:58:13 P. M. co.edu.uniquindio.proyectofinal.clases.Utilidades escribirLog
INFORMACIÓN: Función recibirSolicitud en Vendedor: Funcionamiento adecuado
nov. 17, 2024 5:58:13 P. M. co.edu.uniquindio.proyectofinal.clases.Utilidades escribirLog
INFORMACIÓN: Función enviarSolicitud en Vendedor: Funcionamiento adecuado
nov. 17, 2024 5:58:13 P. M. co.edu.uniquindio.proyectofinal.clases.Utilidades escribirLog
INFORMACIÓN: Función guardarObjeto en Persistencia. Funcionamiento adecuado
nov. 17, 2024 5:58:13 P. M. co.edu.uniquindio.proyectofinal.clases.Utilidades escribirLog
INFORMACIÓN: Función guardarXML en Persistencia. Funcionamiento adecuado
nov. 17, 2024 5:58:13 P. M. co.edu.uniquindio.proyectofinal.clases.Utilidades escribirLog
INFORMACIÓN: Función guardarTXT en Persistencia. Funcionamiento adecuado
nov. 17, 2024 5:58:13 P. M. co.edu.uniquindio.proyectofinal.clases.Utilidades escribirLog
INFORMACIÓN: Función agregarContacto en Vendedor: Funcionamiento adecuado
nov. 17, 2024 6:16:59 P. M. co.edu.uniquindio.proyectofinal.clases.Utilidades escribirLog
INFORMACIÓN: Función guardarObjeto en Persistencia. Funcionamiento adecuado
nov. 17, 2024 6:16:59 P. M. co.edu.uniquindio.proyectofinal.clases.Utilidades escribirLog
INFORMACIÓN: Función guardarObjeto en Persistencia. Funcionamiento adecuado
nov. 17, 2024 6:16:59 P. M. co.edu.uniquindio.proyectofinal.clases.Utilidades escribirLog
INFORMACIÓN: Función guardarObjeto en Persistencia. Funcionamiento adecuado
nov. 17, 2024 6:16:59 P. M. co.edu.uniquindio.proyectofinal.clases.Utilidades escribirLog
INFORMACIÓN: Función guardarXML en Persistencia. Funcionamiento adecuado
nov. 17, 2024 6:16:59 P. M. co.edu.uniquindio.proyectofinal.clases.Utilidades escribirLog
INFORMACIÓN: Función guardarTXT en Persistencia. Funcionamiento adecuado
nov. 17, 2024 6:16:59 P. M. co.edu.uniquindio.proyectofinal.clases.Utilidades escribirLog
INFORMACIÓN: Función agregarProducto en Vendedor: Funcionamiento adecuado
nov. 17, 2024 6:16:59 P. M. co.edu.uniquindio.proyectofinal.clases.Utilidades escribirLog
INFORMACIÓN: Función guardarObjeto en Persistencia. Funcionamiento adecuado
nov. 17, 2024 6:16:59 P. M. co.edu.uniquindio.proyectofinal.clases.Utilidades escribirLog
INFORMACIÓN: Función guardarXML en Persistencia. Funcionamiento adecuado
nov. 17, 2024 6:16:59 P. M. co.edu.uniquindio.proyectofinal.clases.Utilidades escribirLog
INFORMACIÓN: Función guardarTXT en Persistencia. Funcionamiento adecuado
nov. 17, 2024 6:16:59 P. M. co.edu.uniquindio.proyectofinal.clases.Utilidades escribirLog
INFORMACIÓN: Función agregarProducto en Vendedor: Funcionamiento adecuado
nov. 17, 2024 6:16:59 P. M. co.edu.uniquindio.proyectofinal.clases.Utilidades escribirLog
INFORMACIÓN: Función guardarObjeto en Persistencia. Funcionamiento adecuado
nov. 17, 2024 6:16:59 P. M. co.edu.uniquindio.proyectofinal.clases.Utilidades escribirLog
INFORMACIÓN: Función guardarXML en Persistencia. Funcionamiento adecuado
nov. 17, 2024 6:16:59 P. M. co.edu.uniquindio.proyectofinal.clases.Utilidades escribirLog
INFORMACIÓN: Función guardarTXT en Persistencia. Funcionamiento adecuado
nov. 17, 2024 6:16:59 P. M. co.edu.uniquindio.proyectofinal.clases.Utilidades escribirLog
INFORMACIÓN: Función recibirSolicitud en Vendedor: Funcionamiento adecuado
nov. 17, 2024 6:16:59 P. M. co.edu.uniquindio.proyectofinal.clases.Utilidades escribirLog
INFORMACIÓN: Función enviarSolicitud en Vendedor: Funcionamiento adecuado
nov. 17, 2024 6:16:59 P. M. co.edu.uniquindio.proyectofinal.clases.Utilidades escribirLog
INFORMACIÓN: Función guardarObjeto en Persistencia. Funcionamiento adecuado
nov. 17, 2024 6:16:59 P. M. co.edu.uniquindio.proyectofinal.clases.Utilidades escribirLog
INFORMACIÓN: Función guardarXML en Persistencia. Funcionamiento adecuado
nov. 17, 2024 6:16:59 P. M. co.edu.uniquindio.proyectofinal.clases.Utilidades escribirLog
INFORMACIÓN: Función guardarTXT en Persistencia. Funcionamiento adecuado
nov. 17, 2024 6:16:59 P. M. co.edu.uniquindio.proyectofinal.clases.Utilidades escribirLog
INFORMACIÓN: Función agregarContacto en Vendedor: Funcionamiento adecuado
nov. 17, 2024 6:47:51 P. M. co.edu.uniquindio.proyectofinal.clases.Utilidades escribirLog
INFORMACIÓN: Función guardarObjeto en Persistencia. Funcionamiento adecuado
nov. 17, 2024 6:47:52 P. M. co.edu.uniquindio.proyectofinal.clases.Utilidades escribirLog
INFORMACIÓN: Función guardarXML en Persistencia. Funcionamiento adecuado
nov. 17, 2024 6:47:52 P. M. co.edu.uniquindio.proyectofinal.clases.Utilidades escribirLog
INFORMACIÓN: Función guardarTXT en Persistencia. Funcionamiento adecuado
nov. 17, 2024 6:47:52 P. M. co.edu.uniquindio.proyectofinal.clases.Utilidades escribirLog
INFORMACIÓN: Función agregarProducto en Vendedor: Funcionamiento adecuado
nov. 17, 2024 6:47:52 P. M. co.edu.uniquindio.proyectofinal.clases.Utilidades escribirLog
INFORMACIÓN: Función guardarObjeto en Persistencia. Funcionamiento adecuado
nov. 17, 2024 6:47:52 P. M. co.edu.uniquindio.proyectofinal.clases.Utilidades escribirLog
INFORMACIÓN: Función guardarXML en Persistencia. Funcionamiento adecuado
nov. 17, 2024 6:47:52 P. M. co.edu.uniquindio.proyectofinal.clases.Utilidades escribirLog
INFORMACIÓN: Función guardarTXT en Persistencia. Funcionamiento adecuado
nov. 17, 2024 6:47:52 P. M. co.edu.uniquindio.proyectofinal.clases.Utilidades escribirLog
INFORMACIÓN: Función agregarProducto en Vendedor: Funcionamiento adecuado
nov. 17, 2024 6:47:52 P. M. co.edu.uniquindio.proyectofinal.clases.Utilidades escribirLog
INFORMACIÓN: Función guardarObjeto en Persistencia. Funcionamiento adecuado
nov. 17, 2024 6:47:52 P. M. co.edu.uniquindio.proyectofinal.clases.Utilidades escribirLog
INFORMACIÓN: Función guardarXML en Persistencia. Funcionamiento adecuado
nov. 17, 2024 6:47:52 P. M. co.edu.uniquindio.proyectofinal.clases.Utilidades escribirLog
INFORMACIÓN: Función guardarTXT en Persistencia. Funcionamiento adecuado
nov. 17, 2024 6:47:52 P. M. co.edu.uniquindio.proyectofinal.clases.Utilidades escribirLog
INFORMACIÓN: Función recibirSolicitud en Vendedor: Funcionamiento adecuado
nov. 17, 2024 6:47:52 P. M. co.edu.uniquindio.proyectofinal.clases.Utilidades escribirLog
INFORMACIÓN: Función enviarSolicitud en Vendedor: Funcionamiento adecuado
nov. 17, 2024 6:47:52 P. M. co.edu.uniquindio.proyectofinal.clases.Utilidades escribirLog
INFORMACIÓN: Función guardarObjeto en Persistencia. Funcionamiento adecuado
nov. 17, 2024 6:47:52 P. M. co.edu.uniquindio.proyectofinal.clases.Utilidades escribirLog
INFORMACIÓN: Función guardarXML en Persistencia. Funcionamiento adecuado
nov. 17, 2024 6:47:52 P. M. co.edu.uniquindio.proyectofinal.clases.Utilidades escribirLog
INFORMACIÓN: Función guardarTXT en Persistencia. Funcionamiento adecuado
nov. 17, 2024 6:47:52 P. M. co.edu.uniquindio.proyectofinal.clases.Utilidades escribirLog
INFORMACIÓN: Función agregarContacto en Vendedor: Funcionamiento adecuado
