oct. 30, 2024 9:41:09 P. M. co.edu.uniquindio.proyectofinal.clases.Utilidades escribirLog
INFORMACIÓN: Función agregarContacto en Vendedor: Funcionamiento adecuado
oct. 30, 2024 9:41:09 P. M. co.edu.uniquindio.proyectofinal.clases.Utilidades escribirLog
INFORMACIÓN: Función rechazarSolicitud en Vendedor: Funcionamiento adecuado
oct. 30, 2024 9:41:09 P. M. co.edu.uniquindio.proyectofinal.clases.Utilidades escribirLog
INFORMACIÓN: Función agregarProducto en Vendedor: Funcionamiento adecuado
oct. 30, 2024 9:41:09 P. M. co.edu.uniquindio.proyectofinal.clases.Utilidades escribirLog
INFORMACIÓN: Función comprarProducto en Vendedor: Funcionamiento adecuado
oct. 30, 2024 9:43:05 P. M. co.edu.uniquindio.proyectofinal.clases.Utilidades escribirLog
INFORMACIÓN: Función agregarContacto en Vendedor: Funcionamiento adecuado
oct. 30, 2024 9:43:05 P. M. co.edu.uniquindio.proyectofinal.clases.Utilidades escribirLog
INFORMACIÓN: Función rechazarSolicitud en Vendedor: Funcionamiento adecuado
oct. 30, 2024 9:43:05 P. M. co.edu.uniquindio.proyectofinal.clases.Utilidades escribirLog
INFORMACIÓN: Función agregarProducto en Vendedor: Funcionamiento adecuado
oct. 30, 2024 9:43:05 P. M. co.edu.uniquindio.proyectofinal.clases.Utilidades escribirLog
INFORMACIÓN: Función comprarProducto en Vendedor: Funcionamiento adecuado
oct. 30, 2024 9:45:52 P. M. co.edu.uniquindio.proyectofinal.clases.Utilidades escribirLog
INFORMACIÓN: Función agregarContacto en Vendedor: Funcionamiento adecuado
oct. 30, 2024 9:45:52 P. M. co.edu.uniquindio.proyectofinal.clases.Utilidades escribirLog
INFORMACIÓN: Función rechazarSolicitud en Vendedor: Funcionamiento adecuado
oct. 30, 2024 9:45:52 P. M. co.edu.uniquindio.proyectofinal.clases.Utilidades escribirLog
INFORMACIÓN: Función agregarProducto en Vendedor: Funcionamiento adecuado
oct. 30, 2024 9:45:52 P. M. co.edu.uniquindio.proyectofinal.clases.Utilidades escribirLog
INFORMACIÓN: Función comprarProducto en Vendedor: Funcionamiento adecuado
oct. 30, 2024 9:46:38 P. M. co.edu.uniquindio.proyectofinal.clases.Utilidades escribirLog
INFORMACIÓN: Función agregarContacto en Vendedor: Funcionamiento adecuado
oct. 30, 2024 9:46:38 P. M. co.edu.uniquindio.proyectofinal.clases.Utilidades escribirLog
INFORMACIÓN: Función rechazarSolicitud en Vendedor: Funcionamiento adecuado
oct. 30, 2024 9:46:38 P. M. co.edu.uniquindio.proyectofinal.clases.Utilidades escribirLog
INFORMACIÓN: Función agregarProducto en Vendedor: Funcionamiento adecuado
oct. 30, 2024 9:46:38 P. M. co.edu.uniquindio.proyectofinal.clases.Utilidades escribirLog
INFORMACIÓN: Función comprarProducto en Vendedor: Funcionamiento adecuado
oct. 30, 2024 9:54:38 P. M. co.edu.uniquindio.proyectofinal.clases.Utilidades escribirLog
INFORMACIÓN: Función agregarContacto en Vendedor: Funcionamiento adecuado
oct. 30, 2024 9:54:38 P. M. co.edu.uniquindio.proyectofinal.clases.Utilidades escribirLog
INFORMACIÓN: Función rechazarSolicitud en Vendedor: Funcionamiento adecuado
oct. 30, 2024 9:54:38 P. M. co.edu.uniquindio.proyectofinal.clases.Utilidades escribirLog
INFORMACIÓN: Función agregarProducto en Vendedor: Funcionamiento adecuado
oct. 30, 2024 9:54:38 P. M. co.edu.uniquindio.proyectofinal.clases.Utilidades escribirLog
INFORMACIÓN: Función comprarProducto en Vendedor: Funcionamiento adecuado
oct. 30, 2024 9:57:38 P. M. co.edu.uniquindio.proyectofinal.clases.Utilidades escribirLog
INFORMACIÓN: Función agregarVendedor en Marketplace: Funcionamiento adecuado
oct. 30, 2024 9:57:38 P. M. co.edu.uniquindio.proyectofinal.clases.Utilidades escribirLog
INFORMACIÓN: Función agregarVendedor en Marketplace: Funcionamiento adecuado
oct. 30, 2024 9:57:38 P. M. co.edu.uniquindio.proyectofinal.clases.Utilidades escribirLog
INFORMACIÓN: Función agregarVendedor en Marketplace: Funcionamiento adecuado
oct. 30, 2024 9:57:38 P. M. co.edu.uniquindio.proyectofinal.clases.Utilidades escribirLog
INFORMACIÓN: Función agregarContacto en Vendedor: Funcionamiento adecuado
oct. 30, 2024 9:57:38 P. M. co.edu.uniquindio.proyectofinal.clases.Utilidades escribirLog
INFORMACIÓN: Función rechazarSolicitud en Vendedor: Funcionamiento adecuado
oct. 30, 2024 9:57:38 P. M. co.edu.uniquindio.proyectofinal.clases.Utilidades escribirLog
INFORMACIÓN: Función agregarProducto en Vendedor: Funcionamiento adecuado
oct. 30, 2024 9:57:38 P. M. co.edu.uniquindio.proyectofinal.clases.Utilidades escribirLog
INFORMACIÓN: Función comprarProducto en Vendedor: Funcionamiento adecuado
